▲ Next.js 16.1.6 (Turbopack)
- Local:         http://localhost:3000
- Network:       http://192.168.0.2:3000

✓ Starting...
✓ Ready in 1136ms
 GET / 200 in 1556ms (compile: 1232ms, render: 324ms)
 GET / 200 in 66ms (compile: 6ms, render: 60ms)
⨯ ReferenceError: Columns is not defined
    at ToolsIndexPage (app/page.tsx:104:16)
  102 |           <div className="bg-white border border-zinc-200 rounded-2xl p-6 hover:shadow-md hover:border-zinc-300 transition-all h-full flex flex-col">
  103 |             <div className="w-12 h-12 bg-orange-100 rounded-xl flex items-center justify-center mb-4 group-hover:scale-110 transition-transform">
> 104 |               <Columns className="text-orange-600" size={24} />
      |                ^
  105 |             </div>
  106 |             <h3 className="text-xl font-bold text-zinc-900 mb-2">Image Joiner</h3>
  107 |             <p className="text-zinc-500 mb-6 flex-1"> {
  digest: '2811095866'
}
 GET / 500 in 233ms (compile: 72ms, render: 161ms)
 GET / 200 in 220ms (compile: 91ms, render: 128ms)
